This file contains any messages produced by compilers while
running configure, to aid debugging if configure makes a mistake.

It was created by mistle_root configure 1.0, which was
generated by GNU Autoconf 2.69.  Invocation command line was

  $ ./configure 

## --------- ##
## Platform. ##
## --------- ##

hostname = Saturn
uname -m = i686
uname -r = 3.4.0
uname -s = Linux
uname -v = #1 SMP Fri Jul 8 19:56:58 CST 2016

/usr/bin/uname -p = Intel(R) Core(TM) i3-2100 CPU @ 3.10GHz
/bin/uname -X     = unknown

/bin/arch              = unknown
/usr/bin/arch -k       = unknown
/usr/convex/getsysinfo = unknown
/usr/bin/hostinfo      = unknown
/bin/machine           = unknown
/usr/bin/oslevel       = unknown
/bin/universe          = unknown

PATH: /usr/local/bin
PATH: /usr/bin
PATH: /bin
PATH: /opt/bin
PATH: /usr/i686-pc-linux-gnu/gcc-bin/4.9.3


## ----------- ##
## Core tests. ##
## ----------- ##

configure:1880: checking for a BSD-compatible install
configure:1948: result: /usr/bin/install -c
configure:1959: checking whether build environment is sane
configure:2014: result: yes
configure:2165: checking for a thread-safe mkdir -p
configure:2204: result: /bin/mkdir -p
configure:2211: checking for gawk
configure:2227: found /usr/bin/gawk
configure:2238: result: gawk
configure:2249: checking whether make sets $(MAKE)
configure:2271: result: yes
configure:2300: checking whether make supports nested variables
configure:2317: result: yes
configure:2491: checking for gcc
configure:2507: found /usr/bin/gcc
configure:2518: result: gcc
configure:2747: checking for C compiler version
configure:2756: gcc --version >&5
gcc (Gentoo 4.9.3 p1.5, pie-0.6.4) 4.9.3
Copyright (C) 2015 Free Software Foundation, Inc.
This is free software; see the source for copying conditions.  There is NO
warranty; not even for MERCHANTABILITY or FITNESS FOR A PARTICULAR PURPOSE.

configure:2767: $? = 0
configure:2756: gcc -v >&5
Using built-in specs.
COLLECT_GCC=/usr/i686-pc-linux-gnu/gcc-bin/4.9.3/gcc
COLLECT_LTO_WRAPPER=/usr/libexec/gcc/i686-pc-linux-gnu/4.9.3/lto-wrapper
Target: i686-pc-linux-gnu
Configured with: /var/tmp/portage/sys-devel/gcc-4.9.3/work/gcc-4.9.3/configure --host=i686-pc-linux-gnu --build=i686-pc-linux-gnu --prefix=/usr --bindir=/usr/i686-pc-linux-gnu/gcc-bin/4.9.3 --includedir=/usr/lib/gcc/i686-pc-linux-gnu/4.9.3/include --datadir=/usr/share/gcc-data/i686-pc-linux-gnu/4.9.3 --mandir=/usr/share/gcc-data/i686-pc-linux-gnu/4.9.3/man --infodir=/usr/share/gcc-data/i686-pc-linux-gnu/4.9.3/info --with-gxx-include-dir=/usr/lib/gcc/i686-pc-linux-gnu/4.9.3/include/g++-v4 --with-python-dir=/share/gcc-data/i686-pc-linux-gnu/4.9.3/python --enable-languages=c,c++,fortran --enable-obsolete --enable-secureplt --disable-werror --with-system-zlib --enable-nls --without-included-gettext --enable-checking=release --with-bugurl=https://bugs.gentoo.org/ --with-pkgversion='Gentoo 4.9.3 p1.5, pie-0.6.4' --enable-libstdcxx-time --enable-shared --enable-threads=posix --enable-__cxa_atexit --enable-clocale=gnu --disable-multilib --disable-altivec --disable-fixed-point --with-arch=i686 --enable-targets=all --disable-libgcj --enable-libgomp --disable-libmudflap --disable-libssp --disable-libcilkrts --enable-vtable-verify --enable-libvtv --enable-lto --without-cloog --enable-libsanitizer
Thread model: posix
gcc version 4.9.3 (Gentoo 4.9.3 p1.5, pie-0.6.4) 
configure:2767: $? = 0
configure:2756: gcc -V >&5
gcc: error: unrecognized command line option '-V'
gcc: fatal error: no input files
compilation terminated.
configure:2767: $? = 1
configure:2756: gcc -qversion >&5
gcc: error: unrecognized command line option '-qversion'
gcc: fatal error: no input files
compilation terminated.
configure:2767: $? = 1
configure:2787: checking whether the C compiler works
configure:2809: gcc    conftest.c  >&5
configure:2813: $? = 0
configure:2861: result: yes
configure:2864: checking for C compiler default output file name
configure:2866: result: a.out
configure:2872: checking for suffix of executables
configure:2879: gcc -o conftest    conftest.c  >&5
configure:2883: $? = 0
configure:2905: result: 
configure:2927: checking whether we are cross compiling
configure:2935: gcc -o conftest    conftest.c  >&5
configure:2939: $? = 0
configure:2946: ./conftest
configure:2950: $? = 0
configure:2965: result: no
configure:2970: checking for suffix of object files
configure:2992: gcc -c   conftest.c >&5
configure:2996: $? = 0
configure:3017: result: o
configure:3021: checking whether we are using the GNU C compiler
configure:3040: gcc -c   conftest.c >&5
configure:3040: $? = 0
configure:3049: result: yes
configure:3058: checking whether gcc accepts -g
configure:3078: gcc -c -g  conftest.c >&5
configure:3078: $? = 0
configure:3119: result: yes
configure:3136: checking for gcc option to accept ISO C89
configure:3199: gcc  -c -g -O2  conftest.c >&5
configure:3199: $? = 0
configure:3212: result: none needed
configure:3237: checking whether gcc understands -c and -o together
configure:3259: gcc -c conftest.c -o conftest2.o
configure:3262: $? = 0
configure:3259: gcc -c conftest.c -o conftest2.o
configure:3262: $? = 0
configure:3274: result: yes
configure:3302: checking for style of include used by make
configure:3330: result: GNU
configure:3356: checking dependency style of gcc
configure:3467: result: gcc3
configure:3540: checking for g++
configure:3556: found /usr/bin/g++
configure:3567: result: g++
configure:3594: checking for C++ compiler version
configure:3603: g++ --version >&5
g++ (Gentoo 4.9.3 p1.5, pie-0.6.4) 4.9.3
Copyright (C) 2015 Free Software Foundation, Inc.
This is free software; see the source for copying conditions.  There is NO
warranty; not even for MERCHANTABILITY or FITNESS FOR A PARTICULAR PURPOSE.

configure:3614: $? = 0
configure:3603: g++ -v >&5
Using built-in specs.
COLLECT_GCC=/usr/i686-pc-linux-gnu/gcc-bin/4.9.3/g++
COLLECT_LTO_WRAPPER=/usr/libexec/gcc/i686-pc-linux-gnu/4.9.3/lto-wrapper
Target: i686-pc-linux-gnu
Configured with: /var/tmp/portage/sys-devel/gcc-4.9.3/work/gcc-4.9.3/configure --host=i686-pc-linux-gnu --build=i686-pc-linux-gnu --prefix=/usr --bindir=/usr/i686-pc-linux-gnu/gcc-bin/4.9.3 --includedir=/usr/lib/gcc/i686-pc-linux-gnu/4.9.3/include --datadir=/usr/share/gcc-data/i686-pc-linux-gnu/4.9.3 --mandir=/usr/share/gcc-data/i686-pc-linux-gnu/4.9.3/man --infodir=/usr/share/gcc-data/i686-pc-linux-gnu/4.9.3/info --with-gxx-include-dir=/usr/lib/gcc/i686-pc-linux-gnu/4.9.3/include/g++-v4 --with-python-dir=/share/gcc-data/i686-pc-linux-gnu/4.9.3/python --enable-languages=c,c++,fortran --enable-obsolete --enable-secureplt --disable-werror --with-system-zlib --enable-nls --without-included-gettext --enable-checking=release --with-bugurl=https://bugs.gentoo.org/ --with-pkgversion='Gentoo 4.9.3 p1.5, pie-0.6.4' --enable-libstdcxx-time --enable-shared --enable-threads=posix --enable-__cxa_atexit --enable-clocale=gnu --disable-multilib --disable-altivec --disable-fixed-point --with-arch=i686 --enable-targets=all --disable-libgcj --enable-libgomp --disable-libmudflap --disable-libssp --disable-libcilkrts --enable-vtable-verify --enable-libvtv --enable-lto --without-cloog --enable-libsanitizer
Thread model: posix
gcc version 4.9.3 (Gentoo 4.9.3 p1.5, pie-0.6.4) 
configure:3614: $? = 0
configure:3603: g++ -V >&5
g++: error: unrecognized command line option '-V'
g++: fatal error: no input files
compilation terminated.
configure:3614: $? = 1
configure:3603: g++ -qversion >&5
g++: error: unrecognized command line option '-qversion'
g++: fatal error: no input files
compilation terminated.
configure:3614: $? = 1
configure:3618: checking whether we are using the GNU C++ compiler
configure:3637: g++ -c   conftest.cpp >&5
configure:3637: $? = 0
configure:3646: result: yes
configure:3655: checking whether g++ accepts -g
configure:3675: g++ -c -g  conftest.cpp >&5
configure:3675: $? = 0
configure:3716: result: yes
configure:3741: checking dependency style of g++
configure:3852: result: gcc3
configure:3980: checking that generated files are newer than configure
configure:3986: result: done
configure:4013: creating ./config.status

## ---------------------- ##
## Running config.status. ##
## ---------------------- ##

This file was extended by mistle_root config.status 1.0, which was
generated by GNU Autoconf 2.69.  Invocation command line was

  CONFIG_FILES    = 
  CONFIG_HEADERS  = 
  CONFIG_LINKS    = 
  CONFIG_COMMANDS = 
  $ ./config.status 

on Saturn

config.status:845: creating Makefile
config.status:845: creating config.h
config.status:1026: config.h is unchanged
config.status:1074: executing depfiles commands

## ---------------- ##
## Cache variables. ##
## ---------------- ##

ac_cv_c_compiler_gnu=yes
ac_cv_cxx_compiler_gnu=yes
ac_cv_env_CCC_set=
ac_cv_env_CCC_value=
ac_cv_env_CC_set=
ac_cv_env_CC_value=
ac_cv_env_CFLAGS_set=
ac_cv_env_CFLAGS_value=
ac_cv_env_CPPFLAGS_set=
ac_cv_env_CPPFLAGS_value=
ac_cv_env_CXXFLAGS_set=
ac_cv_env_CXXFLAGS_value=
ac_cv_env_CXX_set=
ac_cv_env_CXX_value=
ac_cv_env_LDFLAGS_set=
ac_cv_env_LDFLAGS_value=
ac_cv_env_LIBS_set=
ac_cv_env_LIBS_value=
ac_cv_env_build_alias_set=
ac_cv_env_build_alias_value=
ac_cv_env_host_alias_set=
ac_cv_env_host_alias_value=
ac_cv_env_target_alias_set=
ac_cv_env_target_alias_value=
ac_cv_objext=o
ac_cv_path_install='/usr/bin/install -c'
ac_cv_path_mkdir=/bin/mkdir
ac_cv_prog_AWK=gawk
ac_cv_prog_ac_ct_CC=gcc
ac_cv_prog_ac_ct_CXX=g++
ac_cv_prog_cc_c89=
ac_cv_prog_cc_g=yes
ac_cv_prog_cxx_g=yes
ac_cv_prog_make_make_set=yes
am_cv_CC_dependencies_compiler_type=gcc3
am_cv_CXX_dependencies_compiler_type=gcc3
am_cv_make_support_nested_variables=yes
am_cv_prog_cc_c_o=yes

## ----------------- ##
## Output variables. ##
## ----------------- ##

ACLOCAL='${SHELL} /home/larry/source/mistle_root/missing aclocal-1.15'
AMDEPBACKSLASH='\'
AMDEP_FALSE='#'
AMDEP_TRUE=''
AMTAR='$${TAR-tar}'
AM_BACKSLASH='\'
AM_DEFAULT_V='$(AM_DEFAULT_VERBOSITY)'
AM_DEFAULT_VERBOSITY='1'
AM_V='$(V)'
AUTOCONF='${SHELL} /home/larry/source/mistle_root/missing autoconf'
AUTOHEADER='${SHELL} /home/larry/source/mistle_root/missing autoheader'
AUTOMAKE='${SHELL} /home/larry/source/mistle_root/missing automake-1.15'
AWK='gawk'
CC='gcc'
CCDEPMODE='depmode=gcc3'
CFLAGS='-g -O2'
CPPFLAGS=''
CXX='g++'
CXXDEPMODE='depmode=gcc3'
CXXFLAGS='-g -O2'
CYGPATH_W='echo'
DEFS='-DHAVE_CONFIG_H'
DEPDIR='.deps'
ECHO_C=''
ECHO_N='-n'
ECHO_T=''
EXEEXT=''
INSTALL_DATA='${INSTALL} -m 644'
INSTALL_PROGRAM='${INSTALL}'
INSTALL_SCRIPT='${INSTALL}'
INSTALL_STRIP_PROGRAM='$(install_sh) -c -s'
LDFLAGS=''
LIBOBJS=''
LIBS=''
LTLIBOBJS=''
MAKEINFO='${SHELL} /home/larry/source/mistle_root/missing makeinfo'
MKDIR_P='/bin/mkdir -p'
OBJEXT='o'
PACKAGE='mistle_root'
PACKAGE_BUGREPORT='bug-dummy@dummy.com'
PACKAGE_NAME='mistle_root'
PACKAGE_STRING='mistle_root 1.0'
PACKAGE_TARNAME='mistle_root'
PACKAGE_URL=''
PACKAGE_VERSION='1.0'
PATH_SEPARATOR=':'
SET_MAKE=''
SHELL='/bin/sh'
STRIP=''
VERSION='1.0'
ac_ct_CC='gcc'
ac_ct_CXX='g++'
am__EXEEXT_FALSE=''
am__EXEEXT_TRUE='#'
am__fastdepCC_FALSE='#'
am__fastdepCC_TRUE=''
am__fastdepCXX_FALSE='#'
am__fastdepCXX_TRUE=''
am__include='include'
am__isrc=''
am__leading_dot='.'
am__nodep='_no'
am__quote=''
am__tar='$${TAR-tar} chof - "$$tardir"'
am__untar='$${TAR-tar} xf -'
bindir='${exec_prefix}/bin'
build_alias=''
datadir='${datarootdir}'
datarootdir='${prefix}/share'
docdir='${datarootdir}/doc/${PACKAGE_TARNAME}'
dvidir='${docdir}'
exec_prefix='${prefix}'
host_alias=''
htmldir='${docdir}'
includedir='${prefix}/include'
infodir='${datarootdir}/info'
install_sh='${SHELL} /home/larry/source/mistle_root/install-sh'
libdir='${exec_prefix}/lib'
libexecdir='${exec_prefix}/libexec'
localedir='${datarootdir}/locale'
localstatedir='${prefix}/var'
mandir='${datarootdir}/man'
mkdir_p='$(MKDIR_P)'
oldincludedir='/usr/include'
pdfdir='${docdir}'
prefix='/usr/local'
program_transform_name='s,x,x,'
psdir='${docdir}'
sbindir='${exec_prefix}/sbin'
sharedstatedir='${prefix}/com'
sysconfdir='${prefix}/etc'
target_alias=''

## ----------- ##
## confdefs.h. ##
## ----------- ##

/* confdefs.h */
#define PACKAGE_NAME "mistle_root"
#define PACKAGE_TARNAME "mistle_root"
#define PACKAGE_VERSION "1.0"
#define PACKAGE_STRING "mistle_root 1.0"
#define PACKAGE_BUGREPORT "bug-dummy@dummy.com"
#define PACKAGE_URL ""
#define PACKAGE "mistle_root"
#define VERSION "1.0"

configure: exit 0

## ---------------------- ##
## Running config.status. ##
## ---------------------- ##

This file was extended by mistle_root config.status 1.0, which was
generated by GNU Autoconf 2.69.  Invocation command line was

  CONFIG_FILES    = 
  CONFIG_HEADERS  = 
  CONFIG_LINKS    = 
  CONFIG_COMMANDS = 
  $ ./config.status Makefile depfiles

on Saturn

config.status:845: creating Makefile
config.status:1074: executing depfiles commands

## ---------------------- ##
## Running config.status. ##
## ---------------------- ##

This file was extended by mistle_root config.status 1.0, which was
generated by GNU Autoconf 2.69.  Invocation command line was

  CONFIG_FILES    = 
  CONFIG_HEADERS  = 
  CONFIG_LINKS    = 
  CONFIG_COMMANDS = 
  $ ./config.status Makefile depfiles

on Saturn

config.status:845: creating Makefile
config.status:1074: executing depfiles commands

## ---------------------- ##
## Running config.status. ##
## ---------------------- ##

This file was extended by mistle_root config.status 1.0, which was
generated by GNU Autoconf 2.69.  Invocation command line was

  CONFIG_FILES    = 
  CONFIG_HEADERS  = 
  CONFIG_LINKS    = 
  CONFIG_COMMANDS = 
  $ ./config.status Makefile depfiles

on Saturn

config.status:845: creating Makefile
config.status:1074: executing depfiles commands

## ---------------------- ##
## Running config.status. ##
## ---------------------- ##

This file was extended by mistle_root config.status 1.0, which was
generated by GNU Autoconf 2.69.  Invocation command line was

  CONFIG_FILES    = 
  CONFIG_HEADERS  = 
  CONFIG_LINKS    = 
  CONFIG_COMMANDS = 
  $ ./config.status Makefile depfiles

on Saturn

config.status:845: creating Makefile
config.status:1074: executing depfiles commands
